{
  "RSpec": {
    "coverage": {
      "/Users/alejandrolopez/turing_work/3mod/projects/viewing_party_lite_7/config/environment.rb": {
        "lines": [
          null,
          null,
          null,
          1,
          null,
          null,
          1
        ]
      },
      "/Users/alejandrolopez/turing_work/3mod/projects/viewing_party_lite_7/config/application.rb": {
        "lines": [
          null,
          null,
          1,
          null,
          1,
          null,
          1,
          1,
          1,
          1,
          1,
          1,
          1,
          1,
          1,
          1,
          null,
          null,
          null,
          null,
          1,
          null,
          1,
          1,
          null,
          1,
          null,
          null,
          null,
          null,
          null,
          null,
          null,
          null,
          null,
          null,
          1,
          null,
          null
        ]
      },
      "/Users/alejandrolopez/turing_work/3mod/projects/viewing_party_lite_7/config/boot.rb": {
        "lines": [
          null,
          null,
          1,
          null,
          1,
          1
        ]
      },
      "/Users/alejandrolopez/turing_work/3mod/projects/viewing_party_lite_7/config/environments/test.rb": {
        "lines": [
          null,
          null,
          1,
          null,
          null,
          null,
          null,
          null,
          null,
          1,
          null,
          null,
          null,
          1,
          null,
          null,
          null,
          null,
          1,
          null,
          null,
          1,
          1,
          null,
          null,
          null,
          null,
          1,
          1,
          1,
          null,
          null,
          1,
          null,
          null,
          1,
          null,
          null,
          1,
          null,
          1,
          null,
          null,
          null,
          null,
          1,
          null,
          null,
          1,
          null,
          null,
          1,
          null,
          null,
          1,
          null,
          null,
          null,
          null,
          null,
          null,
          null
        ]
      },
      "/Users/alejandrolopez/turing_work/3mod/projects/viewing_party_lite_7/config/initializers/assets.rb": {
        "lines": [
          null,
          null,
          null,
          null,
          null,
          1,
          null,
          null,
          null,
          null,
          null,
          null,
          null,
          null
        ]
      },
      "/Users/alejandrolopez/turing_work/3mod/projects/viewing_party_lite_7/config/initializers/content_security_policy.rb": {
        "lines": [
          null,
          null,
          null,
          null,
          null,
          null,
          null,
          null,
          null,
          null,
          null,
          null,
          null,
          null,
          null,
          null,
          null,
          null,
          null,
          null,
          null,
          null,
          null,
          null,
          null,
          null
        ]
      },
      "/Users/alejandrolopez/turing_work/3mod/projects/viewing_party_lite_7/config/initializers/filter_parameter_logging.rb": {
        "lines": [
          null,
          null,
          null,
          null,
          null,
          null,
          null,
          1,
          null,
          null
        ]
      },
      "/Users/alejandrolopez/turing_work/3mod/projects/viewing_party_lite_7/config/initializers/inflections.rb": {
        "lines": [
          null,
          null,
          null,
          null,
          null,
          null,
          null,
          null,
          null,
          null,
          null,
          null,
          null,
          null,
          null,
          null,
          null
        ]
      },
      "/Users/alejandrolopez/turing_work/3mod/projects/viewing_party_lite_7/config/initializers/permissions_policy.rb": {
        "lines": [
          null,
          null,
          null,
          null,
          null,
          null,
          null,
          null,
          null,
          null,
          null,
          null
        ]
      },
      "/Users/alejandrolopez/turing_work/3mod/projects/viewing_party_lite_7/config/routes.rb": {
        "lines": [
          null,
          null,
          1,
          1,
          1,
          1,
          1,
          1,
          1,
          1,
          1,
          1,
          1,
          null,
          null,
          null,
          null,
          null
        ]
      },
      "/Users/alejandrolopez/turing_work/3mod/projects/viewing_party_lite_7/app/helpers/application_helper.rb": {
        "lines": [
          null,
          null,
          1,
          null
        ]
      },
      "/Users/alejandrolopez/turing_work/3mod/projects/viewing_party_lite_7/spec/features/users/discover/index_spec.rb": {
        "lines": [
          null,
          null,
          1,
          null,
          1,
          1,
          5,
          5,
          null,
          5,
          null,
          null,
          1,
          1,
          1,
          1,
          null,
          null,
          1,
          1,
          null,
          null,
          1,
          1,
          null,
          null,
          1,
          1,
          1,
          1,
          1,
          null,
          null,
          1,
          1,
          null,
          1,
          1,
          1,
          1,
          null,
          null
        ]
      },
      "/Users/alejandrolopez/turing_work/3mod/projects/viewing_party_lite_7/spec/features/users/login_form_spec.rb": {
        "lines": [
          1,
          null,
          1,
          1,
          1,
          1,
          null,
          1,
          null,
          1,
          null,
          1,
          1,
          null,
          1,
          null,
          1,
          null,
          1,
          null,
          null,
          1,
          1,
          null,
          1,
          null,
          1,
          1,
          null,
          1,
          null,
          1,
          null,
          1,
          null,
          1,
          1,
          null,
          1,
          null,
          1,
          null,
          1,
          null,
          null,
          1,
          1,
          1,
          null,
          1,
          1,
          null,
          1,
          null,
          1,
          1,
          1,
          null,
          1,
          null,
          1,
          1,
          1,
          null,
          1,
          null,
          1,
          null,
          1,
          1,
          1,
          null,
          null
        ]
      },
      "/Users/alejandrolopez/turing_work/3mod/projects/viewing_party_lite_7/spec/features/users/results/index_spec.rb": {
        "lines": [
          null,
          null,
          1,
          null,
          1,
          1,
          2,
          2,
          null,
          2,
          null,
          null,
          1,
          1,
          1,
          1,
          1,
          1,
          1,
          1,
          null,
          null,
          null,
          1,
          1,
          1,
          1,
          1,
          null,
          null
        ]
      },
      "/Users/alejandrolopez/turing_work/3mod/projects/viewing_party_lite_7/spec/features/users/results/show_spec.rb": {
        "lines": [
          null,
          null,
          1,
          null,
          1,
          1,
          11,
          11,
          null,
          11,
          11,
          11,
          null,
          null,
          1,
          1,
          null,
          1,
          1,
          1,
          null,
          1,
          1,
          1,
          1,
          1,
          1,
          null,
          null,
          1,
          1,
          1,
          1,
          1,
          null,
          null,
          1,
          1,
          8,
          null,
          8,
          8,
          8,
          null,
          8,
          null,
          1,
          1,
          1,
          null,
          null,
          1,
          1,
          1,
          null,
          null,
          1,
          1,
          1,
          null,
          null,
          1,
          1,
          1,
          null,
          null,
          1,
          1,
          1,
          null,
          null,
          1,
          1,
          1,
          1,
          null,
          1,
          null,
          null,
          1,
          1,
          1,
          1,
          null,
          null,
          1,
          1,
          1,
          1,
          1,
          null,
          null,
          null,
          1,
          1,
          null,
          1,
          null,
          1,
          1,
          null,
          null
        ]
      },
      "/Users/alejandrolopez/turing_work/3mod/projects/viewing_party_lite_7/spec/features/users/show_spec.rb": {
        "lines": [
          null,
          null,
          1,
          null,
          1,
          1,
          7,
          7,
          null,
          7,
          7,
          7,
          null,
          7,
          7,
          null,
          null,
          1,
          1,
          null,
          null,
          1,
          null,
          1,
          null,
          null,
          1,
          1,
          1,
          null,
          null,
          1,
          null,
          1,
          1,
          null,
          null,
          null,
          1,
          1,
          null,
          1,
          1,
          1,
          1,
          1,
          1,
          1,
          1,
          null,
          1,
          null,
          1,
          null,
          1,
          1,
          1,
          1,
          1,
          1,
          null,
          null,
          null,
          1,
          1,
          null,
          1,
          1,
          1,
          1,
          1,
          1,
          1,
          1,
          null,
          1,
          null,
          1,
          null,
          1,
          null,
          1,
          1,
          1,
          1,
          1,
          null,
          null,
          1,
          null,
          1,
          1,
          null,
          null,
          null,
          1,
          1,
          null,
          1,
          1,
          1,
          1,
          1,
          1,
          1,
          1,
          null,
          1,
          null,
          1,
          null,
          null
        ]
      },
      "/Users/alejandrolopez/turing_work/3mod/projects/viewing_party_lite_7/spec/features/viewing_parties/create_spec.rb": {
        "lines": [
          null,
          1,
          null,
          1,
          1,
          6,
          6,
          6,
          6,
          null,
          6,
          null,
          6,
          6,
          6,
          null,
          6,
          null,
          null,
          1,
          1,
          null,
          null,
          1,
          1,
          1,
          1,
          1,
          1,
          1,
          1,
          1,
          null,
          1,
          1,
          1,
          null,
          1,
          1,
          1,
          null,
          1,
          null,
          null,
          1,
          1,
          1,
          1,
          1,
          1,
          1,
          1,
          1,
          null,
          1,
          null,
          1,
          1,
          null,
          null,
          1,
          1,
          1,
          1,
          1,
          1,
          1,
          1,
          1,
          null,
          1,
          null,
          1,
          null,
          null,
          1,
          1,
          1,
          1,
          1,
          1,
          1,
          null,
          1,
          null,
          1,
          1,
          null,
          null,
          1,
          1,
          1,
          1,
          1,
          1,
          1,
          1,
          null,
          null,
          1,
          null,
          1,
          1,
          null,
          null,
          null
        ]
      },
      "/Users/alejandrolopez/turing_work/3mod/projects/viewing_party_lite_7/spec/features/welcome/index_spec.rb": {
        "lines": [
          null,
          null,
          1,
          null,
          1,
          1,
          7,
          7,
          7,
          null,
          null,
          1,
          1,
          null,
          null,
          1,
          1,
          1,
          1,
          null,
          null,
          1,
          1,
          1,
          1,
          null,
          null,
          1,
          1,
          null,
          1,
          1,
          1,
          null,
          1,
          1,
          1,
          1,
          1,
          null,
          null,
          null,
          1,
          1,
          1,
          1,
          1,
          null,
          null,
          null,
          1,
          1,
          1,
          null,
          null,
          1,
          1,
          null,
          1,
          1,
          null,
          null
        ]
      },
      "/Users/alejandrolopez/turing_work/3mod/projects/viewing_party_lite_7/spec/models/user_spec.rb": {
        "lines": [
          null,
          null,
          1,
          null,
          1,
          1,
          2,
          2,
          2,
          2,
          2,
          2,
          2,
          2,
          null,
          null,
          1,
          1,
          1,
          1,
          null,
          1,
          1,
          null,
          null,
          1,
          1,
          1,
          1,
          1,
          1,
          null,
          1,
          1,
          null,
          null
        ]
      },
      "/Users/alejandrolopez/turing_work/3mod/projects/viewing_party_lite_7/app/models/user.rb": {
        "lines": [
          null,
          null,
          1,
          1,
          1,
          1,
          1,
          1,
          1,
          1,
          1,
          null,
          1,
          null,
          1,
          34,
          null,
          null,
          1,
          34,
          null,
          null
        ]
      },
      "/Users/alejandrolopez/turing_work/3mod/projects/viewing_party_lite_7/app/models/application_record.rb": {
        "lines": [
          null,
          null,
          1,
          1,
          null
        ]
      },
      "/Users/alejandrolopez/turing_work/3mod/projects/viewing_party_lite_7/spec/models/user_viewing_party_spec.rb": {
        "lines": [
          1,
          null,
          1,
          1,
          2,
          2,
          null,
          null,
          1,
          1,
          1,
          1,
          null,
          1,
          null,
          null,
          1,
          1,
          1,
          1,
          null,
          1,
          null,
          null
        ]
      },
      "/Users/alejandrolopez/turing_work/3mod/projects/viewing_party_lite_7/app/models/user_viewing_party.rb": {
        "lines": [
          1,
          1,
          1,
          null,
          1,
          7,
          7,
          null,
          null,
          1,
          7,
          7,
          null,
          null
        ]
      },
      "/Users/alejandrolopez/turing_work/3mod/projects/viewing_party_lite_7/spec/models/viewing_party_spec.rb": {
        "lines": [
          null,
          null,
          1,
          null,
          1,
          1,
          2,
          2,
          2,
          2,
          2,
          2,
          2,
          2,
          null,
          null,
          1,
          1,
          1,
          1,
          1,
          1,
          null,
          1,
          null,
          null
        ]
      },
      "/Users/alejandrolopez/turing_work/3mod/projects/viewing_party_lite_7/app/models/viewing_party.rb": {
        "lines": [
          null,
          null,
          1,
          1,
          1,
          1,
          1,
          1,
          1,
          1,
          1,
          null,
          1,
          1,
          1,
          null,
          null,
          1,
          null,
          1,
          10,
          null,
          null,
          1,
          17,
          1,
          null,
          null,
          null
        ]
      },
      "/Users/alejandrolopez/turing_work/3mod/projects/viewing_party_lite_7/spec/poros/movie_spec.rb": {
        "lines": [
          null,
          null,
          1,
          null,
          1,
          1,
          null,
          1,
          null,
          null,
          null,
          null,
          null,
          null,
          null,
          null,
          null,
          null,
          null,
          null,
          null,
          1,
          1,
          1,
          1,
          null,
          1,
          1,
          1,
          1,
          1,
          1,
          1,
          1,
          1,
          1,
          1,
          null,
          null,
          1,
          1,
          1,
          1,
          1,
          1,
          1,
          1,
          null,
          null,
          null,
          1,
          1,
          1,
          1,
          1,
          1,
          null,
          1,
          null,
          null,
          null,
          null,
          null,
          null,
          null,
          null,
          null,
          null,
          null,
          null,
          1,
          null,
          null,
          null
        ]
      },
      "/Users/alejandrolopez/turing_work/3mod/projects/viewing_party_lite_7/app/poros/movie.rb": {
        "lines": [
          null,
          null,
          1,
          1,
          null,
          null,
          null,
          null,
          null,
          null,
          null,
          null,
          null,
          null,
          null,
          1,
          602,
          602,
          602,
          602,
          602,
          602,
          602,
          602,
          42,
          null,
          602,
          42,
          42,
          null,
          null,
          null,
          1,
          43,
          43,
          43,
          null,
          null,
          1,
          43,
          43,
          86,
          null,
          43,
          null,
          null
        ]
      },
      "/Users/alejandrolopez/turing_work/3mod/projects/viewing_party_lite_7/app/controllers/users_controller.rb": {
        "lines": [
          null,
          null,
          1,
          1,
          null,
          1,
          6,
          6,
          1,
          1,
          null,
          5,
          5,
          null,
          null,
          null,
          1,
          null,
          33,
          1,
          1,
          1,
          null,
          null,
          null,
          1,
          null,
          null,
          1,
          27,
          27,
          25,
          25,
          25,
          null,
          2,
          2,
          null,
          null,
          null,
          1,
          null,
          1,
          59,
          null,
          null
        ]
      },
      "/Users/alejandrolopez/turing_work/3mod/projects/viewing_party_lite_7/app/controllers/application_controller.rb": {
        "lines": [
          null,
          null,
          1,
          1,
          null,
          1,
          28,
          null,
          null,
          1,
          0,
          null,
          null,
          1,
          null,
          1,
          6,
          null,
          null
        ]
      },
      "/Users/alejandrolopez/turing_work/3mod/projects/viewing_party_lite_7/app/controllers/discover_controller.rb": {
        "lines": [
          null,
          null,
          1,
          1,
          13,
          null,
          null,
          null,
          null
        ]
      },
      "/Users/alejandrolopez/turing_work/3mod/projects/viewing_party_lite_7/app/controllers/movies_controller.rb": {
        "lines": [
          null,
          null,
          1,
          1,
          6,
          6,
          6,
          null,
          1,
          1,
          null,
          null,
          1,
          15,
          15,
          null,
          null
        ]
      },
      "/Users/alejandrolopez/turing_work/3mod/projects/viewing_party_lite_7/app/facades/search_facade.rb": {
        "lines": [
          null,
          null,
          1,
          1,
          68,
          68,
          68,
          null,
          null,
          1,
          68,
          27,
          null,
          41,
          null,
          null,
          null,
          1,
          27,
          27,
          540,
          null,
          null,
          null,
          1,
          41,
          39,
          39,
          39,
          39,
          null,
          2,
          2,
          20,
          null,
          null,
          null,
          null,
          null
        ]
      },
      "/Users/alejandrolopez/turing_work/3mod/projects/viewing_party_lite_7/app/services/movie_service.rb": {
        "lines": [
          null,
          null,
          1,
          1,
          189,
          189,
          null,
          null,
          1,
          189,
          189,
          null,
          null,
          null,
          1,
          27,
          null,
          null,
          1,
          2,
          null,
          null,
          1,
          76,
          null,
          null,
          1,
          42,
          null,
          null,
          1,
          42,
          null,
          null
        ]
      },
      "/Users/alejandrolopez/turing_work/3mod/projects/viewing_party_lite_7/app/controllers/welcome_controller.rb": {
        "lines": [
          null,
          null,
          1,
          1,
          14,
          null,
          null
        ]
      },
      "/Users/alejandrolopez/turing_work/3mod/projects/viewing_party_lite_7/app/controllers/sessions_controller.rb": {
        "lines": [
          1,
          null,
          1,
          1,
          1,
          null,
          null
        ]
      },
      "/Users/alejandrolopez/turing_work/3mod/projects/viewing_party_lite_7/app/controllers/viewing_parties_controller.rb": {
        "lines": [
          1,
          1,
          null,
          14,
          13,
          13,
          1,
          1,
          1,
          null,
          null,
          null,
          1,
          7,
          7,
          7,
          6,
          6,
          4,
          4,
          4,
          4,
          null,
          4,
          2,
          1,
          1,
          null,
          1,
          1,
          null,
          null,
          1,
          1,
          null,
          null,
          null,
          1,
          null,
          1,
          6,
          null,
          null
        ]
      }
    },
    "timestamp": 1685230615
  }
}
